<?xml version="1.0" encoding="UTF-8"?>
<testng-results ignored="0" total="2" passed="2" failed="0" skipped="0">
  <reporter-output>
  </reporter-output>
  <suite started-at="2022-06-27T00:00:35 IST" name="Default suite" finished-at="2022-06-27T00:01:37 IST" duration-ms="61809">
    <groups>
    </groups>
    <test started-at="2022-06-27T00:00:35 IST" name="Default test" finished-at="2022-06-27T00:01:37 IST" duration-ms="61809">
      <class name="test.TestNG_Demo">
        <test-method is-config="true" signature="setUpTest()[pri:0, instance:test.TestNG_Demo@5e600dd5]" started-at="2022-06-27T00:00:35 IST" name="setUpTest" finished-at="2022-06-27T00:00:43 IST" duration-ms="8456" status="PASS">
          <reporter-output>
          </reporter-output>
        </test-method> <!-- setUpTest -->
        <test-method signature="googleSearch()[pri:0, instance:test.TestNG_Demo@5e600dd5]" started-at="2022-06-27T00:00:44 IST" name="googleSearch" finished-at="2022-06-27T00:01:12 IST" duration-ms="27831" status="PASS">
          <reporter-output>
          </reporter-output>
        </test-method> <!-- googleSearch -->
        <test-method signature="googleSearch2()[pri:0, instance:test.TestNG_Demo@5e600dd5]" started-at="2022-06-27T00:01:12 IST" name="googleSearch2" finished-at="2022-06-27T00:01:35 IST" duration-ms="23866" status="PASS">
          <reporter-output>
          </reporter-output>
        </test-method> <!-- googleSearch2 -->
        <test-method is-config="true" signature="tearDownTest()[pri:0, instance:test.TestNG_Demo@5e600dd5]" started-at="2022-06-27T00:01:35 IST" name="tearDownTest" finished-at="2022-06-27T00:01:37 IST" duration-ms="1297" status="PASS">
          <reporter-output>
          </reporter-output>
        </test-method> <!-- tearDownTest -->
      </class> <!-- test.TestNG_Demo -->
    </test> <!-- Default test -->
  </suite> <!-- Default suite -->
</testng-results>
